This file contains any messages produced by compilers while
running configure, to aid debugging if configure makes a mistake.

It was created by SPP configure 1.7, which was
generated by GNU Autoconf 2.68.  Invocation command line was

  $ ./configure 

## --------- ##
## Platform. ##
## --------- ##

hostname = genomeMiner
uname -m = x86_64
uname -r = 4.4.0-130-generic
uname -s = Linux
uname -v = #156-Ubuntu SMP Thu Jun 14 08:53:28 UTC 2018

/usr/bin/uname -p = unknown
/bin/uname -X     = unknown

/bin/arch              = unknown
/usr/bin/arch -k       = unknown
/usr/convex/getsysinfo = unknown
/usr/bin/hostinfo      = unknown
/bin/machine           = unknown
/usr/bin/oslevel       = unknown
/bin/universe          = unknown

PATH: /usr/local/sbin
PATH: /usr/local/bin
PATH: /usr/sbin
PATH: /usr/bin
PATH: /sbin
PATH: /bin


## ----------- ##
## Core tests. ##
## ----------- ##

configure:1903: checking for gcc
configure:1919: found /usr/bin/gcc
configure:1930: result: gcc
configure:2159: checking for C compiler version
configure:2168: gcc --version >&5
gcc (Ubuntu 5.4.0-6ubuntu1~16.04.10) 5.4.0 20160609
Copyright (C) 2015 Free Software Foundation, Inc.
This is free software; see the source for copying conditions.  There is NO
warranty; not even for MERCHANTABILITY or FITNESS FOR A PARTICULAR PURPOSE.

configure:2179: $? = 0
configure:2168: gcc -v >&5
Using built-in specs.
COLLECT_GCC=gcc
COLLECT_LTO_WRAPPER=/usr/lib/gcc/x86_64-linux-gnu/5/lto-wrapper
Target: x86_64-linux-gnu
Configured with: ../src/configure -v --with-pkgversion='Ubuntu 5.4.0-6ubuntu1~16.04.10' --with-bugurl=file:///usr/share/doc/gcc-5/README.Bugs --enable-languages=c,ada,c++,java,go,d,fortran,objc,obj-c++ --prefix=/usr --program-suffix=-5 --enable-shared --enable-linker-build-id --libexecdir=/usr/lib --without-included-gettext --enable-threads=posix --libdir=/usr/lib --enable-nls --with-sysroot=/ --enable-clocale=gnu --enable-libstdcxx-debug --enable-libstdcxx-time=yes --with-default-libstdcxx-abi=new --enable-gnu-unique-object --disable-vtable-verify --enable-libmpx --enable-plugin --with-system-zlib --disable-browser-plugin --enable-java-awt=gtk --enable-gtk-cairo --with-java-home=/usr/lib/jvm/java-1.5.0-gcj-5-amd64/jre --enable-java-home --with-jvm-root-dir=/usr/lib/jvm/java-1.5.0-gcj-5-amd64 --with-jvm-jar-dir=/usr/lib/jvm-exports/java-1.5.0-gcj-5-amd64 --with-arch-directory=amd64 --with-ecj-jar=/usr/share/java/eclipse-ecj.jar --enable-objc-gc --enable-multiarch --disable-werror --with-arch-32=i686 --with-abi=m64 --with-multilib-list=m32,m64,mx32 --enable-multilib --with-tune=generic --enable-checking=release --build=x86_64-linux-gnu --host=x86_64-linux-gnu --target=x86_64-linux-gnu
Thread model: posix
gcc version 5.4.0 20160609 (Ubuntu 5.4.0-6ubuntu1~16.04.10) 
configure:2179: $? = 0
configure:2168: gcc -V >&5
gcc: error: unrecognized command line option '-V'
gcc: fatal error: no input files
compilation terminated.
configure:2179: $? = 1
configure:2168: gcc -qversion >&5
gcc: error: unrecognized command line option '-qversion'
gcc: fatal error: no input files
compilation terminated.
configure:2179: $? = 1
configure:2199: checking whether the C compiler works
configure:2221: gcc    conftest.c  >&5
configure:2225: $? = 0
configure:2273: result: yes
configure:2276: checking for C compiler default output file name
configure:2278: result: a.out
configure:2284: checking for suffix of executables
configure:2291: gcc -o conftest    conftest.c  >&5
configure:2295: $? = 0
configure:2317: result: 
configure:2339: checking whether we are cross compiling
configure:2347: gcc -o conftest    conftest.c  >&5
configure:2351: $? = 0
configure:2358: ./conftest
configure:2362: $? = 0
configure:2377: result: no
configure:2382: checking for suffix of object files
configure:2404: gcc -c   conftest.c >&5
configure:2408: $? = 0
configure:2429: result: o
configure:2433: checking whether we are using the GNU C compiler
configure:2452: gcc -c   conftest.c >&5
configure:2452: $? = 0
configure:2461: result: yes
configure:2470: checking whether gcc accepts -g
configure:2490: gcc -c -g  conftest.c >&5
configure:2490: $? = 0
configure:2531: result: yes
configure:2548: checking for gcc option to accept ISO C89
configure:2612: gcc  -c -g -O2  conftest.c >&5
configure:2612: $? = 0
configure:2625: result: none needed
configure:2646: checking for BZ2_bzDecompressInit in -lbz2
configure:2671: gcc -o conftest -g -O2   conftest.c -lbz2   >&5
configure:2671: $? = 0
configure:2680: result: yes
configure:2750: checking for g++
configure:2766: found /usr/bin/g++
configure:2777: result: g++
configure:2804: checking for C++ compiler version
configure:2813: g++ --version >&5
g++ (Ubuntu 5.4.0-6ubuntu1~16.04.10) 5.4.0 20160609
Copyright (C) 2015 Free Software Foundation, Inc.
This is free software; see the source for copying conditions.  There is NO
warranty; not even for MERCHANTABILITY or FITNESS FOR A PARTICULAR PURPOSE.

configure:2824: $? = 0
configure:2813: g++ -v >&5
Using built-in specs.
COLLECT_GCC=g++
COLLECT_LTO_WRAPPER=/usr/lib/gcc/x86_64-linux-gnu/5/lto-wrapper
Target: x86_64-linux-gnu
Configured with: ../src/configure -v --with-pkgversion='Ubuntu 5.4.0-6ubuntu1~16.04.10' --with-bugurl=file:///usr/share/doc/gcc-5/README.Bugs --enable-languages=c,ada,c++,java,go,d,fortran,objc,obj-c++ --prefix=/usr --program-suffix=-5 --enable-shared --enable-linker-build-id --libexecdir=/usr/lib --without-included-gettext --enable-threads=posix --libdir=/usr/lib --enable-nls --with-sysroot=/ --enable-clocale=gnu --enable-libstdcxx-debug --enable-libstdcxx-time=yes --with-default-libstdcxx-abi=new --enable-gnu-unique-object --disable-vtable-verify --enable-libmpx --enable-plugin --with-system-zlib --disable-browser-plugin --enable-java-awt=gtk --enable-gtk-cairo --with-java-home=/usr/lib/jvm/java-1.5.0-gcj-5-amd64/jre --enable-java-home --with-jvm-root-dir=/usr/lib/jvm/java-1.5.0-gcj-5-amd64 --with-jvm-jar-dir=/usr/lib/jvm-exports/java-1.5.0-gcj-5-amd64 --with-arch-directory=amd64 --with-ecj-jar=/usr/share/java/eclipse-ecj.jar --enable-objc-gc --enable-multiarch --disable-werror --with-arch-32=i686 --with-abi=m64 --with-multilib-list=m32,m64,mx32 --enable-multilib --with-tune=generic --enable-checking=release --build=x86_64-linux-gnu --host=x86_64-linux-gnu --target=x86_64-linux-gnu
Thread model: posix
gcc version 5.4.0 20160609 (Ubuntu 5.4.0-6ubuntu1~16.04.10) 
configure:2824: $? = 0
configure:2813: g++ -V >&5
g++: error: unrecognized command line option '-V'
g++: fatal error: no input files
compilation terminated.
configure:2824: $? = 1
configure:2813: g++ -qversion >&5
g++: error: unrecognized command line option '-qversion'
g++: fatal error: no input files
compilation terminated.
configure:2824: $? = 1
configure:2828: checking whether we are using the GNU C++ compiler
configure:2847: g++ -c   conftest.cpp >&5
configure:2847: $? = 0
configure:2856: result: yes
configure:2865: checking whether g++ accepts -g
configure:2885: g++ -c -g  conftest.cpp >&5
configure:2885: $? = 0
configure:2926: result: yes
configure:2949: checking for grep that handles long lines and -e
configure:3007: result: /bin/grep
configure:3018: checking how to run the C++ preprocessor
configure:3045: g++ -E  conftest.cpp
configure:3045: $? = 0
configure:3059: g++ -E  conftest.cpp
conftest.cpp:10:28: fatal error: ac_nonexistent.h: No such file or directory
compilation terminated.
configure:3059: $? = 1
configure: failed program was:
| /* confdefs.h */
| #define PACKAGE_NAME "SPP"
| #define PACKAGE_TARNAME "spp"
| #define PACKAGE_VERSION "1.7"
| #define PACKAGE_STRING "SPP 1.7"
| #define PACKAGE_BUGREPORT ""
| #define PACKAGE_URL ""
| #define HAVE_LIBBZ2 1
| /* end confdefs.h.  */
| #include <ac_nonexistent.h>
configure:3084: result: g++ -E
configure:3104: g++ -E  conftest.cpp
configure:3104: $? = 0
configure:3118: g++ -E  conftest.cpp
conftest.cpp:10:28: fatal error: ac_nonexistent.h: No such file or directory
compilation terminated.
configure:3118: $? = 1
configure: failed program was:
| /* confdefs.h */
| #define PACKAGE_NAME "SPP"
| #define PACKAGE_TARNAME "spp"
| #define PACKAGE_VERSION "1.7"
| #define PACKAGE_STRING "SPP 1.7"
| #define PACKAGE_BUGREPORT ""
| #define PACKAGE_URL ""
| #define HAVE_LIBBZ2 1
| /* end confdefs.h.  */
| #include <ac_nonexistent.h>
configure:3147: checking for a sed that does not truncate output
configure:3211: result: /bin/sed
configure: this is boost.m4 serial 25
configure:3244: checking for Boost headers version >= 1.41.0
configure:3315: g++ -c -g -O2  conftest.cpp >&5
configure:3315: $? = 0
configure:3336: result: yes
configure:3355: checking for Boost's header version
configure:3385: result: 1_58
configure:3552: creating ./config.status

## ---------------------- ##
## Running config.status. ##
## ---------------------- ##

This file was extended by SPP config.status 1.7, which was
generated by GNU Autoconf 2.68.  Invocation command line was

  CONFIG_FILES    = 
  CONFIG_HEADERS  = 
  CONFIG_LINKS    = 
  CONFIG_COMMANDS = 
  $ ./config.status 

on genomeMiner

config.status:741: creating src/Makevars

## ---------------- ##
## Cache variables. ##
## ---------------- ##

ac_cv_c_compiler_gnu=yes
ac_cv_cxx_compiler_gnu=yes
ac_cv_env_BOOST_ROOT_set=
ac_cv_env_BOOST_ROOT_value=
ac_cv_env_CCC_set=
ac_cv_env_CCC_value=
ac_cv_env_CC_set=
ac_cv_env_CC_value=
ac_cv_env_CFLAGS_set=
ac_cv_env_CFLAGS_value=
ac_cv_env_CPPFLAGS_set=
ac_cv_env_CPPFLAGS_value=
ac_cv_env_CXXCPP_set=
ac_cv_env_CXXCPP_value=
ac_cv_env_CXXFLAGS_set=
ac_cv_env_CXXFLAGS_value=
ac_cv_env_CXX_set=
ac_cv_env_CXX_value=
ac_cv_env_LDFLAGS_set=
ac_cv_env_LDFLAGS_value=
ac_cv_env_LIBS_set=
ac_cv_env_LIBS_value=
ac_cv_env_build_alias_set=
ac_cv_env_build_alias_value=
ac_cv_env_host_alias_set=
ac_cv_env_host_alias_value=
ac_cv_env_target_alias_set=
ac_cv_env_target_alias_value=
ac_cv_lib_bz2_BZ2_bzDecompressInit=yes
ac_cv_objext=o
ac_cv_path_GREP=/bin/grep
ac_cv_path_SED=/bin/sed
ac_cv_prog_CXXCPP='g++ -E'
ac_cv_prog_ac_ct_CC=gcc
ac_cv_prog_ac_ct_CXX=g++
ac_cv_prog_cc_c89=
ac_cv_prog_cc_g=yes
ac_cv_prog_cxx_g=yes
boost_cv_inc_path=yes
boost_cv_lib_version=1_58

## ----------------- ##
## Output variables. ##
## ----------------- ##

BOOST_CPPFLAGS=''
BOOST_ROOT=''
CC='gcc'
CFLAGS='-g -O2'
CPPFLAGS=''
CXX='g++'
CXXCPP='g++ -E'
CXXFLAGS='-g -O2'
DEFS='-DPACKAGE_NAME=\"SPP\" -DPACKAGE_TARNAME=\"spp\" -DPACKAGE_VERSION=\"1.7\" -DPACKAGE_STRING=\"SPP\ 1.7\" -DPACKAGE_BUGREPORT=\"\" -DPACKAGE_URL=\"\" -DHAVE_LIBBZ2=1 -DHAVE_BOOST=1'
DISTCHECK_CONFIGURE_FLAGS=' '\''--with-boost='\'''
ECHO_C=''
ECHO_N='-n'
ECHO_T=''
EXEEXT=''
GREP='/bin/grep'
HAVE_LIBBZ2=''
LDFLAGS=''
LIBOBJS=''
LIBS='-lbz2 '
LTLIBOBJS=''
OBJEXT='o'
PACKAGE_BUGREPORT=''
PACKAGE_NAME='SPP'
PACKAGE_STRING='SPP 1.7'
PACKAGE_TARNAME='spp'
PACKAGE_URL=''
PACKAGE_VERSION='1.7'
PATH_SEPARATOR=':'
SED='/bin/sed'
SHELL='/bin/bash'
ac_ct_CC='gcc'
ac_ct_CXX='g++'
bindir='${exec_prefix}/bin'
build_alias=''
datadir='${datarootdir}'
datarootdir='${prefix}/share'
docdir='${datarootdir}/doc/${PACKAGE_TARNAME}'
dvidir='${docdir}'
exec_prefix='${prefix}'
host_alias=''
htmldir='${docdir}'
includedir='${prefix}/include'
infodir='${datarootdir}/info'
libdir='${exec_prefix}/lib'
libexecdir='${exec_prefix}/libexec'
localedir='${datarootdir}/locale'
localstatedir='${prefix}/var'
mandir='${datarootdir}/man'
oldincludedir='/usr/include'
pdfdir='${docdir}'
prefix='/usr/local'
program_transform_name='s,x,x,'
psdir='${docdir}'
sbindir='${exec_prefix}/sbin'
sharedstatedir='${prefix}/com'
sysconfdir='${prefix}/etc'
target_alias=''

## ----------- ##
## confdefs.h. ##
## ----------- ##

/* confdefs.h */
#define PACKAGE_NAME "SPP"
#define PACKAGE_TARNAME "spp"
#define PACKAGE_VERSION "1.7"
#define PACKAGE_STRING "SPP 1.7"
#define PACKAGE_BUGREPORT ""
#define PACKAGE_URL ""
#define HAVE_LIBBZ2 1
#define HAVE_BOOST 1

configure: exit 0
